<?xml version="1.0" encoding="UTF-8"?>
<testng-results skipped="0" failed="0" ignored="0" total="1" passed="1">
  <reporter-output>
  </reporter-output>
  <suite name="resources.TestCase" duration-ms="2497" started-at="2019-10-08T07:36:51Z" finished-at="2019-10-08T07:36:54Z">
    <groups>
    </groups>
    <test name="Command line test" duration-ms="2497" started-at="2019-10-08T07:36:51Z" finished-at="2019-10-08T07:36:54Z">
      <class name="resources.TestCase">
        <test-method status="PASS" signature="loginApp()[pri:0, instance:resources.TestCase@3498ed]" name="loginApp" duration-ms="2473" started-at="2019-10-08T07:36:51Z" finished-at="2019-10-08T07:36:54Z">
          <reporter-output>
          </reporter-output>
        </test-method> <!-- loginApp -->
      </class> <!-- resources.TestCase -->
    </test> <!-- Command line test -->
  </suite> <!-- resources.TestCase -->
</testng-results>
